0 info it worked if it ends with ok
1 verbose cli [ 'node', '/usr/local/bin/npm', 'update', '-g', 'nodemon' ]
2 info using npm@2.2.0
3 info using node@v0.10.36
4 verbose node symlink /usr/bin/node
5 silly mapToRegistry name nodemon
6 silly mapToRegistry using default registry
7 silly mapToRegistry registry https://registry.npmjs.org/
8 silly mapToRegistry uri https://registry.npmjs.org/nodemon
9 verbose request uri https://registry.npmjs.org/nodemon
10 verbose request no auth needed
11 info attempt registry request try #1 at 22:13:16
12 verbose request id 10b746107b5c9895
13 verbose etag "8X6FA00IQ39RTMKFUANNT9XKB"
14 http request GET https://registry.npmjs.org/nodemon
15 http 200 https://registry.npmjs.org/nodemon
16 silly get cb [ 200,
16 silly get   { date: 'Mon, 16 Feb 2015 03:13:16 GMT',
16 silly get     server: 'CouchDB/1.5.0 (Erlang OTP/R16B03)',
16 silly get     etag: '"9FITXEAFABSJPZMN8BO2H26OL"',
16 silly get     'content-type': 'application/json',
16 silly get     'cache-control': 'max-age=60',
16 silly get     'content-length': '147150',
16 silly get     'accept-ranges': 'bytes',
16 silly get     via: '1.1 varnish',
16 silly get     age: '38',
16 silly get     'x-served-by': 'cache-atl6221-ATL',
16 silly get     'x-cache': 'HIT',
16 silly get     'x-cache-hits': '1',
16 silly get     'x-timer': 'S1424056396.647021,VS0,VE2',
16 silly get     vary: 'Accept',
16 silly get     'keep-alive': 'timeout=10, max=50',
16 silly get     connection: 'Keep-Alive' } ]
17 info outdated updating [ [ '/usr/lib', 'nodemon', '1.3.6', '1.3.7', '1.3.7', 'latest' ] ]
18 verbose install where, what [ '/usr/lib', [ 'nodemon@1.3.7' ] ]
19 silly cache add args [ 'nodemon@1.3.7', null ]
20 verbose cache add spec nodemon@1.3.7
21 silly cache add parsed spec { raw: 'nodemon@1.3.7',
21 silly cache add   scope: null,
21 silly cache add   name: 'nodemon',
21 silly cache add   rawSpec: '1.3.7',
21 silly cache add   spec: '1.3.7',
21 silly cache add   type: 'version' }
22 verbose addNamed nodemon@1.3.7
23 silly addNamed semver.valid 1.3.7
24 silly addNamed semver.validRange 1.3.7
25 silly mapToRegistry name nodemon
26 silly mapToRegistry using default registry
27 silly mapToRegistry registry https://registry.npmjs.org/
28 silly mapToRegistry uri https://registry.npmjs.org/nodemon
29 verbose addNameVersion registry:https://registry.npmjs.org/nodemon not in flight; fetching
30 verbose get https://registry.npmjs.org/nodemon not expired, no request
31 silly mapToRegistry name nodemon
32 silly mapToRegistry using default registry
33 silly mapToRegistry registry https://registry.npmjs.org/
34 silly mapToRegistry uri https://registry.npmjs.org/nodemon
35 verbose addRemoteTarball https://registry.npmjs.org/nodemon/-/nodemon-1.3.7.tgz not in flight; adding
36 verbose addRemoteTarball [ 'https://registry.npmjs.org/nodemon/-/nodemon-1.3.7.tgz',
36 verbose addRemoteTarball   '447bc2e01bf499cbf5853f9937496e0a04835449' ]
37 info retry fetch attempt 1 at 22:13:17
38 info attempt registry request try #1 at 22:13:17
39 http fetch GET https://registry.npmjs.org/nodemon/-/nodemon-1.3.7.tgz
40 http fetch 200 https://registry.npmjs.org/nodemon/-/nodemon-1.3.7.tgz
41 silly fetchAndShaCheck shasum 447bc2e01bf499cbf5853f9937496e0a04835449
42 verbose addTmpTarball /tmp/npm-5963-545a9d06/registry.npmjs.org/nodemon/-/nodemon-1.3.7.tgz not in flight; adding
43 verbose addTmpTarball already have metadata; skipping unpack for nodemon@1.3.7
44 silly cache afterAdd nodemon@1.3.7
45 verbose afterAdd /home/susie/.npm/nodemon/1.3.7/package/package.json not in flight; writing
46 verbose afterAdd /home/susie/.npm/nodemon/1.3.7/package/package.json written
47 silly install resolved [ { name: 'nodemon',
47 silly install resolved     homepage: 'http://nodemon.io',
47 silly install resolved     author: { name: 'Remy Sharp', url: 'http://github.com/remy' },
47 silly install resolved     bin: { nodemon: './bin/nodemon.js' },
47 silly install resolved     engines: { node: '>=0.8' },
47 silly install resolved     repository: { type: 'git', url: 'http://github.com/remy/nodemon.git' },
47 silly install resolved     description: 'Simple monitor script for use during development of a node.js app.',
47 silly install resolved     keywords:
47 silly install resolved      [ 'monitor',
47 silly install resolved        'development',
47 silly install resolved        'restart',
47 silly install resolved        'autoload',
47 silly install resolved        'reload',
47 silly install resolved        'terminal' ],
47 silly install resolved     version: '1.3.7',
47 silly install resolved     preferGlobal: 'true',
47 silly install resolved     licenses: [ [Object] ],
47 silly install resolved     main: './lib/nodemon',
47 silly install resolved     scripts:
47 silly install resolved      { coverage: 'istanbul cover _mocha -- --timeout 30000 --ui bdd --reporter list test/**/*.test.js',
47 silly install resolved        ':test': 'mocha --timeout 30000 --ui bdd test/**/*.test.js',
47 silly install resolved        test: 'for FILE in test/**/*.test.js; do echo $FILE; ./node_modules/.bin/mocha --timeout 30000 $FILE; if [ $? -ne 0 ]; then exit 1; fi; sleep 1; done',
47 silly install resolved        web: 'node web' },
47 silly install resolved     devDependencies:
47 silly install resolved      { 'coffee-script': '~1.7.1',
47 silly install resolved        connect: '~2.19.1',
47 silly install resolved        istanbul: '~0.2.10',
47 silly install resolved        mocha: '^2.0.1',
47 silly install resolved        should: '~4.0.0' },
47 silly install resolved     dependencies:
47 silly install resolved      { minimatch: '~0.3.0',
47 silly install resolved        'ps-tree': '~0.0.3',
47 silly install resolved        touch: '~0.0.3',
47 silly install resolved        'update-notifier': '^0.3.0' },
47 silly install resolved     gitHead: 'ceb53ce403f7b5a39ba4c133f73fe780e472209e',
47 silly install resolved     bugs: { url: 'https://github.com/remy/nodemon/issues' },
47 silly install resolved     _id: 'nodemon@1.3.7',
47 silly install resolved     _shasum: '447bc2e01bf499cbf5853f9937496e0a04835449',
47 silly install resolved     _from: 'nodemon@1.3.7',
47 silly install resolved     _npmVersion: '1.4.28',
47 silly install resolved     _npmUser: { name: 'remy', email: 'remy@remysharp.com' },
47 silly install resolved     maintainers: [ [Object] ],
47 silly install resolved     dist:
47 silly install resolved      { shasum: '447bc2e01bf499cbf5853f9937496e0a04835449',
47 silly install resolved        tarball: 'http://registry.npmjs.org/nodemon/-/nodemon-1.3.7.tgz' },
47 silly install resolved     directories: {},
47 silly install resolved     _resolved: 'https://registry.npmjs.org/nodemon/-/nodemon-1.3.7.tgz' } ]
48 info install nodemon@1.3.7 into /usr/lib
49 info installOne nodemon@1.3.7
50 verbose installOne of nodemon to /usr/lib not in flight; installing
51 verbose lock using /home/susie/.npm/_locks/nodemon-ff29255d92513265.lock for /usr/lib/node_modules/nodemon
52 silly install write writing nodemon 1.3.7 to /usr/lib/node_modules/nodemon
53 silly cache addNamed cb nodemon@1.3.7
54 verbose unbuild lib/node_modules/nodemon
55 info preuninstall nodemon@1.3.6
56 info uninstall nodemon@1.3.6
57 verbose unbuild rmStuff nodemon@1.3.6 from /usr/lib/node_modules
58 verbose gentlyRm verifying that /usr is managed by npm
59 silly isManaged /usr is not inside /usr/lib/node_modules
60 silly isManaged /usr is not inside /usr/lib/node_modules
61 silly isManaged /usr/bin is inside /usr
62 silly gentlyRm /usr is managed by npm
63 silly gentlyRm /usr/bin/nodemon is under /usr
64 verbose gentlyRm vacuuming /usr/bin/nodemon up to /usr
65 silly gentlyRm removing /usr/bin/nodemon
66 verbose unlock done using /home/susie/.npm/_locks/nodemon-ff29255d92513265.lock for /usr/lib/node_modules/nodemon
67 verbose stack Error: EACCES, unlink '/usr/bin/nodemon'
68 verbose cwd /home/susie/Documents/olinjs/classes/class06/homework
69 error Linux 3.13.0-44-generic
70 error argv "node" "/usr/local/bin/npm" "update" "-g" "nodemon"
71 error node v0.10.36
72 error npm  v2.2.0
73 error path /usr/bin/nodemon
74 error code EACCES
75 error errno 3
76 error Error: EACCES, unlink '/usr/bin/nodemon'
76 error  { [Error: EACCES, unlink '/usr/bin/nodemon'] errno: 3, code: 'EACCES', path: '/usr/bin/nodemon' }
77 error Please try running this command again as root/Administrator.
78 verbose exit [ 3, true ]
79 verbose unbuild lib/node_modules/nodemon
80 info preuninstall nodemon@1.3.6
81 info uninstall nodemon@1.3.6
82 verbose unbuild rmStuff nodemon@1.3.6 from /usr/lib/node_modules
83 verbose gentlyRm verifying that /usr is managed by npm
84 silly isManaged /usr is not inside /usr/lib/node_modules
85 silly isManaged /usr is not inside /usr/lib/node_modules
86 silly isManaged /usr is not inside /usr/bin
87 silly isManaged /usr is inside /usr
88 silly gentlyRm /usr is managed by npm
89 silly gentlyRm /usr/bin/nodemon is under /usr
90 verbose gentlyRm vacuuming /usr/bin/nodemon up to /usr
91 silly gentlyRm removing /usr/bin/nodemon
92 error error rolling back Error: EACCES, unlink '/usr/bin/nodemon'
92 error error rolling back  { [Error: EACCES, unlink '/usr/bin/nodemon'] errno: 3, code: 'EACCES', path: '/usr/bin/nodemon' }
